fev. 27, 2025 6:50:50 PM liquibase.changelog
INFORMAÇÕES: Reading resource: db/changelog/migrations/db.changelog-2025.sql
fev. 27, 2025 6:50:51 PM liquibase.changelog
INFORMAÇÕES: Creating database history table with name: board.databasechangelog
fev. 27, 2025 6:50:51 PM liquibase.changelog
INFORMAÇÕES: Reading from board.databasechangelog
fev. 27, 2025 6:50:51 PM liquibase.lockservice
INFORMAÇÕES: Successfully acquired change log lock
fev. 27, 2025 6:50:51 PM liquibase.command
INFORMAÇÕES: Using deploymentId: 0693051377
fev. 27, 2025 6:50:51 PM liquibase.changelog
INFORMAÇÕES: Reading from board.databasechangelog
Running Changeset: db/changelog/migrations/db.changelog-2025.sql::2025::aylla
fev. 27, 2025 6:50:51 PM liquibase.changelog
INFORMAÇÕES: Custom SQL executed
fev. 27, 2025 6:50:51 PM liquibase.changelog
INFORMAÇÕES: ChangeSet db/changelog/migrations/db.changelog-2025.sql::2025::aylla ran successfully in 49ms

UPDATE SUMMARY
Run:                          1
Previously run:               0
Filtered out:                 0
-------------------------------
Total change sets:            1

fev. 27, 2025 6:50:51 PM liquibase.util
INFORMAÇÕES: UPDATE SUMMARY
fev. 27, 2025 6:50:51 PM liquibase.util
INFORMAÇÕES: Run:                          1
fev. 27, 2025 6:50:51 PM liquibase.util
INFORMAÇÕES: Previously run:               0
fev. 27, 2025 6:50:51 PM liquibase.util
INFORMAÇÕES: Filtered out:                 0
fev. 27, 2025 6:50:51 PM liquibase.util
INFORMAÇÕES: -------------------------------
fev. 27, 2025 6:50:51 PM liquibase.util
INFORMAÇÕES: Total change sets:            1
fev. 27, 2025 6:50:51 PM liquibase.util
INFORMAÇÕES: Update summary generated
fev. 27, 2025 6:50:51 PM liquibase.command
INFORMAÇÕES: Update command completed successfully.
Liquibase: Update has been successful. Rows affected: 1
fev. 27, 2025 6:50:51 PM liquibase.lockservice
INFORMAÇÕES: Successfully released change log lock
fev. 27, 2025 6:50:51 PM liquibase.command
INFORMAÇÕES: Command execution complete
